0 silly argv {
0 silly argv   _: [ 'publish' ],
0 silly argv   composed: 'publish',
0 silly argv   lernaVersion: '7.3.0',
0 silly argv   '$0': '/opt/homebrew/bin/lerna'
0 silly argv }
1 notice cli v7.3.0
2 verbose packageConfigs Resolving packages based on package.json "workspaces" configuration.
3 verbose rootPath /Users/liuxiyang/work/code/aelfd
4 verbose session 4f2e8033af2134ea
5 verbose user-agent lerna/7.3.0/node@v18.16.1+arm64 (darwin)
6 silly argv { _: [ 'publish' ], composed: 'publish', lernaVersion: '7.3.0' }
7 verbose packageConfigs Resolving packages based on package.json "workspaces" configuration.
8 verbose rootPath /Users/liuxiyang/work/code/aelfd
9 info current version 0.1.31-alpha.0
10 silly isAnythingCommitted
11 verbose isAnythingCommitted 1
12 silly getCurrentBranch
13 verbose currentBranch feature/lxy
14 silly remoteBranchExists
15 silly isBehindUpstream
16 silly isBehindUpstream feature/lxy is behind origin/feature/lxy by 0 commit(s) and ahead by 1
17 silly hasTags
18 verbose hasTags true
19 silly git-describe.sync "25dd8f5" => {"refCount":"125","sha":"25dd8f5","isDirty":false}
20 info Assuming all packages changed
21 verbose updated aelf-design
22 verbose git-describe undefined => "25dd8f5"
23 silly git-describe parsed => {"refCount":"125","sha":"25dd8f5","isDirty":false}
24 info execute Skipping releases
25 silly lifecycle No script for "preversion" in "root", continuing
26 silly lifecycle No script for "preversion" in "aelf-design", continuing
27 silly lifecycle No script for "version" in "aelf-design", continuing
28 verbose version Detected yarn version 1.22.19
29 silly lifecycle No script for "version" in "root", continuing
30 silly gitAdd [
30 silly gitAdd   'packages/core/package.json',
30 silly gitAdd   'packages/core/package-lock.json',
30 silly gitAdd   'lerna.json'
30 silly gitAdd ]
31 silly gitCommit v0.1.32-alpha.0
32 verbose git [ 'commit', '-m', 'v0.1.32-alpha.0' ]
33 silly gitTag v0.1.32-alpha.0 git tag %s -m %s
34 verbose git [ 'tag', 'v0.1.32-alpha.0', '-m', 'v0.1.32-alpha.0' ]
35 silly lifecycle No script for "postversion" in "aelf-design", continuing
36 silly lifecycle No script for "postversion" in "root", continuing
37 info git Pushing tags...
38 silly gitPush origin feature/lxy
39 info publish Publishing packages to npm...
40 silly getCurrentSHA
41 verbose getCurrentSHA 3cc14d0898a8f0515299742d826c704f40bc3155
42 silly lifecycle No script for "prepublish" in "root", continuing
43 silly lifecycle No script for "prepare" in "root", continuing
44 silly lifecycle No script for "prepublishOnly" in "root", continuing
45 silly lifecycle No script for "prepack" in "root", continuing
46 verbose pack-directory
47 silly lifecycle No script for "prepublish" in "aelf-design", continuing
48 silly lifecycle No script for "prepare" in "aelf-design", continuing
49 silly lifecycle No script for "prepublishOnly" in "aelf-design", continuing
50 silly lifecycle No script for "prepack" in "aelf-design", continuing
51 silly lifecycle No script for "postpack" in "aelf-design", continuing
52 verbose packed packages/core
53 silly lifecycle No script for "postpack" in "root", continuing
54 verbose publish aelf-design
55 silly FetchError: request to https://registry.npmjs.org/aelf-design failed, reason: connect ETIMEDOUT 104.16.0.35:443
55 silly     at ClientRequest.<anonymous> (/Users/liuxiyang/work/code/aelfd/node_modules/minipass-fetch/lib/index.js:130:14)
55 silly     at ClientRequest.emit (node:events:513:28)
55 silly     at TLSSocket.socketErrorListener (node:_http_client:502:9)
55 silly     at TLSSocket.emit (node:events:525:35)
55 silly     at emitErrorNT (node:internal/streams/destroy:151:8)
55 silly     at emitErrorCloseNT (node:internal/streams/destroy:116:3)
55 silly     at process.processTicksAndRejections (node:internal/process/task_queues:82:21)
55 silly  FetchError: request to https://registry.npmjs.org/aelf-design failed, reason: connect ETIMEDOUT 104.16.0.35:443
55 silly     at ClientRequest.<anonymous> (/Users/liuxiyang/work/code/aelfd/node_modules/minipass-fetch/lib/index.js:130:14)
55 silly     at ClientRequest.emit (node:events:513:28)
55 silly     at TLSSocket.socketErrorListener (node:_http_client:502:9)
55 silly     at TLSSocket.emit (node:events:525:35)
55 silly     at emitErrorNT (node:internal/streams/destroy:151:8)
55 silly     at emitErrorCloseNT (node:internal/streams/destroy:116:3)
55 silly     at process.processTicksAndRejections (node:internal/process/task_queues:82:21) {
55 silly   code: 'ETIMEDOUT',
55 silly   errno: 'ETIMEDOUT',
55 silly   syscall: 'connect',
55 silly   address: '104.16.0.35',
55 silly   port: 443,
55 silly   type: 'system'
55 silly }
56 warn notice Package failed to publish: aelf-design
57 error ETIMEDOUT request to https://registry.npmjs.org/aelf-design failed, reason: connect ETIMEDOUT 104.16.0.35:443
58 error errno "ETIMEDOUT" is not a valid exit code - exiting with code 1
59 error FetchError: request to https://registry.npmjs.org/aelf-design failed, reason: connect ETIMEDOUT 104.16.0.35:443
59 error     at ClientRequest.<anonymous> (/Users/liuxiyang/work/code/aelfd/node_modules/minipass-fetch/lib/index.js:130:14)
59 error     at ClientRequest.emit (node:events:513:28)
59 error     at TLSSocket.socketErrorListener (node:_http_client:502:9)
59 error     at TLSSocket.emit (node:events:525:35)
59 error     at emitErrorNT (node:internal/streams/destroy:151:8)
59 error     at emitErrorCloseNT (node:internal/streams/destroy:116:3)
