npm WARN deprecated @babel/plugin-proposal-nullish-coalescing-operator@7.18.6: This proposal has been merged to the ECMAScript standard and thus this plugin is no longer maintained. Please use @babel/plugin-transform-nullish-coalescing-operator instead.
npm WARN deprecated @babel/plugin-proposal-class-properties@7.18.6: This proposal has been merged to the ECMAScript standard and thus this plugin is no longer maintained. Please use @babel/plugin-transform-class-properties instead.
npm WARN deprecated @babel/plugin-proposal-optional-chaining@7.21.0: This proposal has been merged to the ECMAScript standard and thus this plugin is no longer maintained. Please use @babel/plugin-transform-optional-chaining instead.
npm WARN tar TAR_ENTRY_ERROR ENOENT: no such file or directory, open '/Users/liuxiyang/work/code/aelfd-core/node_modules/@storybook/components/dist/index.js'
npm WARN tar TAR_ENTRY_ERROR ENOENT: no such file or directory, open '/Users/liuxiyang/work/code/aelfd-core/node_modules/@storybook/addon-onboarding/dist/index.d.ts'
npm WARN tar TAR_ENTRY_ERROR ENOENT: no such file or directory, open '/Users/liuxiyang/work/code/aelfd-core/node_modules/@storybook/addon-onboarding/dist/manager.d.ts'
npm WARN tar TAR_ENTRY_ERROR ENOENT: no such file or directory, open '/Users/liuxiyang/work/code/aelfd-core/node_modules/@storybook/addon-onboarding/dist/preset.d.ts'
npm WARN tar TAR_ENTRY_ERROR ENOENT: no such file or directory, open '/Users/liuxiyang/work/code/aelfd-core/node_modules/@storybook/components/dist/index.mjs'
npm WARN tar TAR_ENTRY_ERROR ENOENT: no such file or directory, open '/Users/liuxiyang/work/code/aelfd-core/node_modules/@storybook/components/dist/inform7-JDNLAAGH.mjs'
npm WARN tar TAR_ENTRY_ERROR ENOENT: no such file or directory, open '/Users/liuxiyang/work/code/aelfd-core/node_modules/@storybook/components/dist/inform7-NLNNYSFX.mjs'
npm WARN tar TAR_ENTRY_ERROR ENOENT: no such file or directory, open '/Users/liuxiyang/work/code/aelfd-core/node_modules/@storybook/components/dist/ini-AA2KRMC6.mjs'
npm WARN tar TAR_ENTRY_ERROR ENOENT: no such file or directory, open '/Users/liuxiyang/work/code/aelfd-core/node_modules/@storybook/components/dist/ini-YK764MEG.mjs'
npm WARN tar TAR_ENTRY_ERROR ENOENT: no such file or directory, open '/Users/liuxiyang/work/code/aelfd-core/node_modules/@storybook/components/dist/io-XYCAOQFB.mjs'
npm WARN tar TAR_ENTRY_ERROR ENOENT: no such file or directory, open '/Users/liuxiyang/work/code/aelfd-core/node_modules/@storybook/components/dist/irpf90-KPP2EVAW.mjs'
npm WARN tar TAR_ENTRY_ERROR ENOENT: no such file or directory, open '/Users/liuxiyang/work/code/aelfd-core/node_modules/@storybook/components/dist/isbl-RNAPA56O.mjs'
npm WARN tar TAR_ENTRY_ERROR ENOENT: no such file or directory, open '/Users/liuxiyang/work/code/aelfd-core/node_modules/@storybook/components/dist/j-6JRTO3EI.mjs'
npm WARN tar TAR_ENTRY_ERROR ENOENT: no such file or directory, open '/Users/liuxiyang/work/code/aelfd-core/node_modules/@storybook/components/dist/java-IQ7RIRIW.mjs'
npm WARN tar TAR_ENTRY_ERROR ENOENT: no such file or directory, open '/Users/liuxiyang/work/code/aelfd-core/node_modules/@storybook/components/dist/java-VQGMK3QO.mjs'
npm WARN tar TAR_ENTRY_ERROR ENOENT: no such file or directory, open '/Users/liuxiyang/work/code/aelfd-core/node_modules/@storybook/components/dist/javadoc-7HXA2BE4.mjs'
npm WARN tar TAR_ENTRY_ERROR ENOENT: no such file or directory, open '/Users/liuxiyang/work/code/aelfd-core/node_modules/@storybook/components/dist/javadoclike-SPQWMUWE.mjs'
npm WARN tar TAR_ENTRY_ERROR ENOENT: no such file or directory, open '/Users/liuxiyang/work/code/aelfd-core/node_modules/@storybook/components/dist/javascript-6PQJPJYI.mjs'
npm WARN tar TAR_ENTRY_ERROR ENOENT: no such file or directory, open '/Users/liuxiyang/work/code/aelfd-core/node_modules/@storybook/components/dist/javascript-WC7ZL4X7.mjs'
npm WARN tar TAR_ENTRY_ERROR ENOENT: no such file or directory, open '/Users/liuxiyang/work/code/aelfd-core/node_modules/@storybook/components/dist/javastacktrace-2T5AT4RM.mjs'
npm WARN tar TAR_ENTRY_ERROR ENOENT: no such file or directory, open '/Users/liuxiyang/work/code/aelfd-core/node_modules/@storybook/components/dist/jboss-cli-Y2F4GAG6.mjs'
npm WARN tar TAR_ENTRY_ERROR ENOENT: no such file or directory, open '/Users/liuxiyang/work/code/aelfd-core/node_modules/@storybook/components/dist/jexl-NNZHLTM4.mjs'
npm WARN tar TAR_ENTRY_ERROR ENOENT: no such file or directory, open '/Users/liuxiyang/work/code/aelfd-core/node_modules/@storybook/components/dist/jolie-YFS4JH3E.mjs'
npm WARN tar TAR_ENTRY_ERROR ENOENT: no such file or directory, open '/Users/liuxiyang/work/code/aelfd-core/node_modules/@storybook/components/dist/jq-2LKEAVH2.mjs'
npm WARN tar TAR_ENTRY_ERROR ENOENT: no such file or directory, open '/Users/liuxiyang/work/code/aelfd-core/node_modules/@storybook/components/dist/js-extras-P5NSW5N3.mjs'
npm WARN tar TAR_ENTRY_ERROR ENOENT: no such file or directory, open '/Users/liuxiyang/work/code/aelfd-core/node_modules/@storybook/components/dist/js-templates-7NCYM6IL.mjs'
npm WARN tar TAR_ENTRY_ERROR ENOENT: no such file or directory, open '/Users/liuxiyang/work/code/aelfd-core/node_modules/@storybook/components/dist/jsdoc-NDZP5EJU.mjs'
npm WARN tar TAR_ENTRY_ERROR ENOENT: no such file or directory, open '/Users/liuxiyang/work/code/aelfd-core/node_modules/@storybook/components/dist/json-42J2OC5U.mjs'
npm WARN tar TAR_ENTRY_ERROR ENOENT: no such file or directory, open '/Users/liuxiyang/work/code/aelfd-core/node_modules/@storybook/components/dist/json-U7C2SJVJ.mjs'
npm WARN tar TAR_ENTRY_ERROR ENOENT: no such file or directory, open '/Users/liuxiyang/work/code/aelfd-core/node_modules/@storybook/components/dist/json5-MGE7ORMM.mjs'
npm WARN tar TAR_ENTRY_ERROR ENOENT: no such file or directory, open '/Users/liuxiyang/work/code/aelfd-core/node_modules/@storybook/components/dist/jsonp-QBRKZM3A.mjs'
npm WARN tar TAR_ENTRY_ERROR ENOENT: no such file or directory, open '/Users/liuxiyang/work/code/aelfd-core/node_modules/@storybook/components/dist/jsstacktrace-6TAKH7YL.mjs'
npm WARN tar TAR_ENTRY_ERROR ENOENT: no such file or directory, open '/Users/liuxiyang/work/code/aelfd-core/node_modules/@storybook/components/dist/jsx-FBKIHJDS.mjs'
npm WARN tar TAR_ENTRY_ERROR ENOENT: no such file or directory, open '/Users/liuxiyang/work/code/aelfd-core/node_modules/@storybook/components/dist/julia-65L27TRN.mjs'
npm WARN tar TAR_ENTRY_ERROR ENOENT: no such file or directory, open '/Users/liuxiyang/work/code/aelfd-core/node_modules/@storybook/components/dist/julia-PMM3Z224.mjs'
npm WARN tar TAR_ENTRY_ERROR ENOENT: no such file or directory, open '/Users/liuxiyang/work/code/aelfd-core/node_modules/@storybook/components/dist/julia-repl-XMCZOLSZ.mjs'
npm WARN tar TAR_ENTRY_ERROR ENOENT: no such file or directory, open '/Users/liuxiyang/work/code/aelfd-core/node_modules/@storybook/components/dist/keepalived-MJS64PXH.mjs'
npm WARN tar TAR_ENTRY_ERROR ENOENT: no such file or directory, open '/Users/liuxiyang/work/code/aelfd-core/node_modules/@storybook/components/dist/keyman-4VTLQ2AB.mjs'
npm WARN tar TAR_ENTRY_ERROR ENOENT: no such file or directory, open '/Users/liuxiyang/work/code/aelfd-core/node_modules/@storybook/components/dist/kotlin-OTBDJBJ3.mjs'
npm WARN tar TAR_ENTRY_ERROR ENOENT: no such file or directory, open '/Users/liuxiyang/work/code/aelfd-core/node_modules/@storybook/components/dist/kotlin-UDCOQKHN.mjs'
npm WARN tar TAR_ENTRY_ERROR ENOENT: no such file or directory, open '/Users/liuxiyang/work/code/aelfd-core/node_modules/@storybook/components/dist/kumir-4EUQ7SX3.mjs'
npm WARN tar TAR_ENTRY_ERROR ENOENT: no such file or directory, open '/Users/liuxiyang/work/code/aelfd-core/node_modules/@storybook/components/dist/kusto-XGOO2JWZ.mjs'
npm WARN tar TAR_ENTRY_ERROR ENOENT: no such file or directory, open '/Users/liuxiyang/work/code/aelfd-core/node_modules/@storybook/components/dist/lasso-C7OICDGN.mjs'
npm WARN tar TAR_ENTRY_ERROR ENOENT: no such file or directory, open '/Users/liuxiyang/work/code/aelfd-core/node_modules/@storybook/components/dist/latex-ATOVZXUP.mjs'
npm WARN tar TAR_ENTRY_ERROR ENOENT: no such file or directory, open '/Users/liuxiyang/work/code/aelfd-core/node_modules/@storybook/components/dist/latex-NGSMRJZK.mjs'
npm WARN tar TAR_ENTRY_ERROR ENOENT: no such file or directory, open '/Users/liuxiyang/work/code/aelfd-core/node_modules/@storybook/components/dist/latte-RY5K77Z7.mjs'
npm WARN tar TAR_ENTRY_ERROR ENOENT: no such file or directory, open '/Users/liuxiyang/work/code/aelfd-core/node_modules/@storybook/components/dist/ldif-DQEQVN4Z.mjs'
npm WARN tar TAR_ENTRY_ERROR ENOENT: no such file or directory, open '/Users/liuxiyang/work/code/aelfd-core/node_modules/@storybook/components/dist/leaf-NH7PAF52.mjs'
npm WARN tar TAR_ENTRY_ERROR ENOENT: no such file or directory, open '/Users/liuxiyang/work/code/aelfd-core/node_modules/@storybook/components/dist/less-72443KFG.mjs'
npm WARN tar TAR_ENTRY_ERROR ENOENT: no such file or directory, open '/Users/liuxiyang/work/code/aelfd-core/node_modules/@storybook/components/dist/less-DY7XD32K.mjs'
npm WARN tar TAR_ENTRY_ERROR ENOENT: no such file or directory, open '/Users/liuxiyang/work/code/aelfd-core/node_modules/@storybook/components/dist/lilypond-2M7GZH2F.mjs'
npm WARN tar TAR_ENTRY_ERROR ENOENT: no such file or directory, open '/Users/liuxiyang/work/code/aelfd-core/node_modules/@storybook/components/dist/liquid-4YL4LW24.mjs'
npm WARN tar TAR_ENTRY_ERROR ENOENT: no such file or directory, open '/Users/liuxiyang/work/code/aelfd-core/node_modules/@storybook/components/dist/lisp-6E6HF7TQ.mjs'
npm WARN tar TAR_ENTRY_ERROR ENOENT: no such file or directory, open '/Users/liuxiyang/work/code/aelfd-core/node_modules/@storybook/components/dist/lisp-S4EETFWH.mjs'
npm WARN tar TAR_ENTRY_ERROR ENOENT: no such file or directory, open '/Users/liuxiyang/work/code/aelfd-core/node_modules/@storybook/components/dist/livecodeserver-ZFJK7JQT.mjs'
npm WARN tar TAR_ENTRY_ERROR ENOENT: no such file or directory, open '/Users/liuxiyang/work/code/aelfd-core/node_modules/@storybook/components/dist/livescript-CSJOOFOF.mjs'
npm WARN tar TAR_ENTRY_ERROR ENOENT: no such file or directory, open '/Users/liuxiyang/work/code/aelfd-core/node_modules/@storybook/components/dist/livescript-QKPCGMXG.mjs'
npm WARN tar TAR_ENTRY_ERROR ENOENT: no such file or directory, open '/Users/liuxiyang/work/code/aelfd-core/node_modules/@storybook/components/dist/llvm-IODCGFXQ.mjs'
npm WARN tar TAR_ENTRY_ERROR ENOENT: no such file or directory, open '/Users/liuxiyang/work/code/aelfd-core/node_modules/@storybook/components/dist/llvm-NWT6YBWO.mjs'
npm WARN tar TAR_ENTRY_ERROR ENOENT: no such file or directory, open '/Users/liuxiyang/work/code/aelfd-core/node_modules/@storybook/components/dist/log-ECC7ADVX.mjs'
npm WARN tar TAR_ENTRY_ERROR ENOENT: no such file or directory, open '/Users/liuxiyang/work/code/aelfd-core/node_modules/@storybook/components/dist/lolcode-PVG64JES.mjs'
npm WARN tar TAR_ENTRY_ERROR ENOENT: no such file or directory, open '/Users/liuxiyang/work/code/aelfd-core/node_modules/@storybook/components/dist/lsl-OJVUNMVI.mjs'
npm WARN tar TAR_ENTRY_ERROR ENOENT: no such file or directory, open '/Users/liuxiyang/work/code/aelfd-core/node_modules/@storybook/components/dist/lua-CYNRAC4U.mjs'
npm WARN tar TAR_ENTRY_ERROR ENOENT: no such file or directory, open '/Users/liuxiyang/work/code/aelfd-core/node_modules/@storybook/components/dist/lua-S3BE2KKM.mjs'
npm WARN tar TAR_ENTRY_ERROR ENOENT: no such file or directory, open '/Users/liuxiyang/work/code/aelfd-core/node_modules/@storybook/components/dist/magma-R65BM3NX.mjs'
npm WARN tar TAR_ENTRY_ERROR ENOENT: no such file or directory, open '/Users/liuxiyang/work/code/aelfd-core/node_modules/@storybook/components/dist/makefile-YDTH22VO.mjs'
npm WARN tar TAR_ENTRY_ERROR ENOENT: no such file or directory, open '/Users/liuxiyang/work/code/aelfd-core/node_modules/@storybook/components/dist/makefile-YIU6G5IU.mjs'
npm WARN tar TAR_ENTRY_ERROR ENOENT: no such file or directory, open '/Users/liuxiyang/work/code/aelfd-core/node_modules/@storybook/components/dist/markdown-TGHMAZ6L.mjs'
npm WARN tar TAR_ENTRY_ERROR ENOENT: no such file or directory, open '/Users/liuxiyang/work/code/aelfd-core/node_modules/@storybook/components/dist/markdown-ZQ6G2H4L.mjs'
npm WARN tar TAR_ENTRY_ERROR ENOENT: no such file or directory, open '/Users/liuxiyang/work/code/aelfd-core/node_modules/@storybook/components/dist/markup-P62C3MXH.mjs'
npm WARN tar TAR_ENTRY_ERROR ENOENT: no such file or directory, open '/Users/liuxiyang/work/code/aelfd-core/node_modules/@storybook/components/dist/markup-templating-CFTQTR4H.mjs'
npm WARN tar TAR_ENTRY_ERROR ENOENT: no such file or directory, open '/Users/liuxiyang/work/code/aelfd-core/node_modules/@storybook/components/dist/mathematica-4CBM67T4.mjs'
npm WARN tar TAR_ENTRY_ERROR ENOENT: no such file or directory, open '/Users/liuxiyang/work/code/aelfd-core/node_modules/@storybook/components/dist/matlab-2LQLF5VT.mjs'
npm WARN tar TAR_ENTRY_ERROR ENOENT: no such file or directory, open '/Users/liuxiyang/work/code/aelfd-core/node_modules/@storybook/components/dist/matlab-MS6KVTLP.mjs'
npm WARN tar TAR_ENTRY_ERROR ENOENT: no such file or directory, open '/Users/liuxiyang/work/code/aelfd-core/node_modules/@storybook/components/dist/maxima-F2XYHBIP.mjs'
npm WARN tar TAR_ENTRY_ERROR ENOENT: no such file or directory, open '/Users/liuxiyang/work/code/aelfd-core/node_modules/@storybook/components/dist/maxscript-B5P2SAPU.mjs'
npm WARN tar TAR_ENTRY_ERROR ENOENT: no such file or directory, open '/Users/liuxiyang/work/code/aelfd-core/node_modules/@storybook/components/dist/mel-EKZXOALA.mjs'
npm WARN tar TAR_ENTRY_ERROR ENOENT: no such file or directory, open '/Users/liuxiyang/work/code/aelfd-core/node_modules/@storybook/components/dist/mel-YA2EPRVR.mjs'
npm WARN tar TAR_ENTRY_ERROR ENOENT: no such file or directory, open '/Users/liuxiyang/work/code/aelfd-core/node_modules/@storybook/components/dist/mercury-JAX42IL3.mjs'
npm WARN tar TAR_ENTRY_ERROR ENOENT: no such file or directory, open '/Users/liuxiyang/work/code/aelfd-core/node_modules/@storybook/components/dist/mermaid-XFSBZ3NQ.mjs'
npm WARN tar TAR_ENTRY_ERROR ENOENT: no such file or directory, open '/Users/liuxiyang/work/code/aelfd-core/node_modules/@storybook/components/dist/mipsasm-K346Q4XN.mjs'
npm WARN tar TAR_ENTRY_ERROR ENOENT: no such file or directory, open '/Users/liuxiyang/work/code/aelfd-core/node_modules/@storybook/components/dist/mizar-VX7EBEV7.mjs'
npm WARN tar TAR_ENTRY_ERROR ENOENT: no such file or directory, open '/Users/liuxiyang/work/code/aelfd-core/node_modules/@storybook/components/dist/mizar-WQRUZFUL.mjs'
npm WARN tar TAR_ENTRY_ERROR ENOENT: no such file or directory, open '/Users/liuxiyang/work/code/aelfd-core/node_modules/@storybook/components/dist/mojolicious-G5HUOFLO.mjs'
npm WARN tar TAR_ENTRY_ERROR ENOENT: no such file or directory, open '/Users/liuxiyang/work/code/aelfd-core/node_modules/@storybook/components/dist/mongodb-42YVXHGC.mjs'
npm WARN tar TAR_ENTRY_ERROR ENOENT: no such file or directory, open '/Users/liuxiyang/work/code/aelfd-core/node_modules/@storybook/components/dist/monkey-62CWCZ34.mjs'
npm WARN tar TAR_ENTRY_ERROR ENOENT: no such file or directory, open '/Users/liuxiyang/work/code/aelfd-core/node_modules/@storybook/components/dist/monkey-RKEQJAXS.mjs'
npm WARN tar TAR_ENTRY_ERROR ENOENT: no such file or directory, open '/Users/liuxiyang/work/code/aelfd-core/node_modules/@storybook/components/dist/moonscript-E2B5UWFL.mjs'
npm WARN tar TAR_ENTRY_ERROR ENOENT: no such file or directory, open '/Users/liuxiyang/work/code/aelfd-core/node_modules/@storybook/components/dist/moonscript-IL6UN42C.mjs'
npm WARN tar TAR_ENTRY_ERROR ENOENT: no such file or directory, open '/Users/liuxiyang/work/code/aelfd-core/node_modules/@storybook/components/dist/n1ql-YR6I26MO.mjs'
npm WARN tar TAR_ENTRY_ERROR ENOENT: no such file or directory, open '/Users/liuxiyang/work/code/aelfd-core/node_modules/@storybook/components/dist/n1ql-ZAXNE2CD.mjs'
npm WARN tar TAR_ENTRY_ERROR ENOENT: no such file or directory, open '/Users/liuxiyang/work/code/aelfd-core/node_modules/@storybook/components/dist/n4js-JMVN7H3E.mjs'
npm WARN tar TAR_ENTRY_ERROR ENOENT: no such file or directory, open '/Users/liuxiyang/work/code/aelfd-core/node_modules/@storybook/components/dist/nand2tetris-hdl-ASWEGJYR.mjs'
npm WARN tar TAR_ENTRY_ERROR ENOENT: no such file or directory, open '/Users/liuxiyang/work/code/aelfd-core/node_modules/@storybook/components/dist/naniscript-LGLJAIHJ.mjs'
npm WARN tar TAR_ENTRY_ERROR ENOENT: no such file or directory, open '/Users/liuxiyang/work/code/aelfd-core/node_modules/@storybook/components/dist/nasm-7AURGJNN.mjs'
npm WARN tar TAR_ENTRY_ERROR ENOENT: no such file or directory, open '/Users/liuxiyang/work/code/aelfd-core/node_modules/@storybook/components/dist/neon-YVVZL6WS.mjs'
npm WARN tar TAR_ENTRY_ERROR ENOENT: no such file or directory, open '/Users/liuxiyang/work/code/aelfd-core/node_modules/@storybook/components/dist/nevod-MEWCNQZI.mjs'
npm WARN tar TAR_ENTRY_ERROR ENOENT: no such file or directory, open '/Users/liuxiyang/work/code/aelfd-core/node_modules/@storybook/components/dist/nginx-D7AUAZOU.mjs'
npm WARN tar TAR_ENTRY_ERROR ENOENT: no such file or directory, open '/Users/liuxiyang/work/code/aelfd-core/node_modules/@storybook/components/dist/nginx-FT4JYO2D.mjs'
npm WARN tar TAR_ENTRY_ERROR ENOENT: no such file or directory, open '/Users/liuxiyang/work/code/aelfd-core/node_modules/@storybook/components/dist/nim-4FR64ZJL.mjs'
npm WARN tar TAR_ENTRY_ERROR ENOENT: no such file or directory, open '/Users/liuxiyang/work/code/aelfd-core/node_modules/@storybook/components/dist/nim-N4YLRDU5.mjs'
npm WARN tar TAR_ENTRY_ERROR ENOENT: no such file or directory, open '/Users/liuxiyang/work/code/aelfd-core/node_modules/@storybook/components/dist/nix-IP4EMHFQ.mjs'
npm WARN tar TAR_ENTRY_ERROR ENOENT: no such file or directory, open '/Users/liuxiyang/work/code/aelfd-core/node_modules/@storybook/components/dist/nix-LHIXO4QU.mjs'
npm WARN tar TAR_ENTRY_ERROR ENOENT: no such file or directory, open '/Users/liuxiyang/work/code/aelfd-core/node_modules/@storybook/components/dist/node-repl-UDFY22TZ.mjs'
npm WARN tar TAR_ENTRY_ERROR ENOENT: no such file or directory, open '/Users/liuxiyang/work/code/aelfd-core/node_modules/@storybook/components/dist/nsis-CSTOFR7G.mjs'
npm WARN tar TAR_ENTRY_ERROR ENOENT: no such file or directory, open '/Users/liuxiyang/work/code/aelfd-core/node_modules/@storybook/components/dist/nsis-GMBOJT2S.mjs'
npm WARN tar TAR_ENTRY_ERROR ENOENT: no such file or directory, open '/Users/liuxiyang/work/code/aelfd-core/node_modules/@storybook/components/dist/objectivec-DP3NBU5C.mjs'
npm WARN tar TAR_ENTRY_ERROR ENOENT: no such file or directory, open '/Users/liuxiyang/work/code/aelfd-core/node_modules/@storybook/components/dist/objectivec-KFEXAMII.mjs'
npm WARN tar TAR_ENTRY_ERROR ENOENT: no such file or directory, open '/Users/liuxiyang/work/code/aelfd-core/node_modules/@storybook/components/dist/ocaml-6D5LKWQL.mjs'
npm WARN tar TAR_ENTRY_ERROR ENOENT: no such file or directory, open '/Users/liuxiyang/work/code/aelfd-core/node_modules/@storybook/components/dist/ocaml-RF5MZOLH.mjs'
npm WARN tar TAR_ENTRY_ERROR ENOENT: no such file or directory, open '/Users/liuxiyang/work/code/aelfd-core/node_modules/@storybook/components/dist/opencl-IY3HGHM5.mjs'
npm WARN tar TAR_ENTRY_ERROR ENOENT: no such file or directory, open '/Users/liuxiyang/work/code/aelfd-core/node_modules/@storybook/components/dist/openqasm-EXPYRJRK.mjs'
npm WARN tar TAR_ENTRY_ERROR ENOENT: no such file or directory, open '/Users/liuxiyang/work/code/aelfd-core/node_modules/@storybook/components/dist/openscad-4X4M2GVQ.mjs'
npm WARN tar TAR_ENTRY_ERROR ENOENT: no such file or directory, open '/Users/liuxiyang/work/code/aelfd-core/node_modules/@storybook/components/dist/oxygene-MEASDGIU.mjs'
npm WARN tar TAR_ENTRY_ERROR ENOENT: no such file or directory, open '/Users/liuxiyang/work/code/aelfd-core/node_modules/@storybook/components/dist/oz-X2TFEEQG.mjs'
npm WARN tar TAR_ENTRY_ERROR ENOENT: no such file or directory, open '/Users/liuxiyang/work/code/aelfd-core/node_modules/@storybook/components/dist/parigp-R7DNOGM3.mjs'
npm WARN tar TAR_ENTRY_ERROR ENOENT: no such file or directory, open '/Users/liuxiyang/work/code/aelfd-core/node_modules/@storybook/components/dist/parser-XVN7FR5M.mjs'
npm WARN tar TAR_ENTRY_ERROR ENOENT: no such file or directory, open '/Users/liuxiyang/work/code/aelfd-core/node_modules/@storybook/components/dist/parser3-RSEME5QF.mjs'
npm WARN tar TAR_ENTRY_ERROR ENOENT: no such file or directory, open '/Users/liuxiyang/work/code/aelfd-core/node_modules/@storybook/components/dist/pascal-KOEJHWH7.mjs'
npm WARN tar TAR_ENTRY_ERROR ENOENT: no such file or directory, open '/Users/liuxiyang/work/code/aelfd-core/node_modules/@storybook/components/dist/pascaligo-MCO4OFI4.mjs'
npm WARN tar TAR_ENTRY_ERROR ENOENT: no such file or directory, open '/Users/liuxiyang/work/code/aelfd-core/node_modules/@storybook/components/dist/pcaxis-JTVFUDWM.mjs'
npm WARN tar TAR_ENTRY_ERROR ENOENT: no such file or directory, open '/Users/liuxiyang/work/code/aelfd-core/node_modules/@storybook/components/dist/peoplecode-XJTW5QE7.mjs'
npm WARN tar TAR_ENTRY_ERROR ENOENT: no such file or directory, open '/Users/liuxiyang/work/code/aelfd-core/node_modules/@storybook/components/dist/perl-WQMKYLMY.mjs'
npm WARN tar TAR_ENTRY_ERROR ENOENT: no such file or directory, open '/Users/liuxiyang/work/code/aelfd-core/node_modules/@storybook/components/dist/perl-WVDMZ57Z.mjs'
npm WARN tar TAR_ENTRY_ERROR ENOENT: no such file or directory, open '/Users/liuxiyang/work/code/aelfd-core/node_modules/@storybook/components/dist/pf-7R7TCE4D.mjs'
npm WARN tar TAR_ENTRY_ERROR ENOENT: no such file or directory, open '/Users/liuxiyang/work/code/aelfd-core/node_modules/@storybook/components/dist/pgsql-DVHUOMOV.mjs'
npm WARN tar TAR_ENTRY_ERROR ENOENT: no such file or directory, open '/Users/liuxiyang/work/code/aelfd-core/node_modules/@storybook/components/dist/php-FWKV5WO2.mjs'
npm WARN tar TAR_ENTRY_ERROR ENOENT: no such file or directory, open '/Users/liuxiyang/work/code/aelfd-core/node_modules/@storybook/components/dist/php-TF3OCOO6.mjs'
npm WARN tar TAR_ENTRY_ERROR ENOENT: no such file or directory, open '/Users/liuxiyang/work/code/aelfd-core/node_modules/@storybook/components/dist/php-extras-EI4LNTHZ.mjs'
npm WARN tar TAR_ENTRY_ERROR ENOENT: no such file or directory, open '/Users/liuxiyang/work/code/aelfd-core/node_modules/@storybook/components/dist/php-template-MAPXGHY7.mjs'
npm WARN tar TAR_ENTRY_ERROR ENOENT: no such file or directory, open '/Users/liuxiyang/work/code/aelfd-core/node_modules/@storybook/components/dist/phpdoc-UWEXHSON.mjs'
npm WARN tar TAR_ENTRY_ERROR ENOENT: no such file or directory, open '/Users/liuxiyang/work/code/aelfd-core/node_modules/@storybook/components/dist/plaintext-ZYA6ZT72.mjs'
npm WARN tar TAR_ENTRY_ERROR ENOENT: no such file or directory, open '/Users/liuxiyang/work/code/aelfd-core/node_modules/@storybook/components/dist/plsql-2OJCT4LH.mjs'
npm WARN tar TAR_ENTRY_ERROR ENOENT: no such file or directory, open '/Users/liuxiyang/work/code/aelfd-core/node_modules/@storybook/components/dist/pony-25QHXNSZ.mjs'
npm WARN tar TAR_ENTRY_ERROR ENOENT: no such file or directory, open '/Users/liuxiyang/work/code/aelfd-core/node_modules/@storybook/components/dist/powerquery-47ZFU2OR.mjs'
npm WARN tar TAR_ENTRY_ERROR ENOENT: no such file or directory, open '/Users/liuxiyang/work/code/aelfd-core/node_modules/@storybook/components/dist/powershell-5KB5UIJO.mjs'
npm WARN tar TAR_ENTRY_ERROR ENOENT: no such file or directory, open '/Users/liuxiyang/work/code/aelfd-core/node_modules/@storybook/components/dist/powershell-VRGVUNGD.mjs'
npm WARN tar TAR_ENTRY_ERROR ENOENT: no such file or directory, open '/Users/liuxiyang/work/code/aelfd-core/node_modules/@storybook/components/dist/processing-L7GVZOGQ.mjs'
npm WARN tar TAR_ENTRY_ERROR ENOENT: no such file or directory, open '/Users/liuxiyang/work/code/aelfd-core/node_modules/@storybook/components/dist/processing-UF5SX7SF.mjs'
npm WARN tar TAR_ENTRY_ERROR ENOENT: no such file or directory, open '/Users/liuxiyang/work/code/aelfd-core/node_modules/@storybook/components/dist/profile-SRXMKWNO.mjs'
npm WARN tar TAR_ENTRY_ERROR ENOENT: no such file or directory, open '/Users/liuxiyang/work/code/aelfd-core/node_modules/@storybook/components/dist/prolog-LSA3HJE3.mjs'
npm WARN tar TAR_ENTRY_ERROR ENOENT: no such file or directory, open '/Users/liuxiyang/work/code/aelfd-core/node_modules/@storybook/components/dist/prolog-YHPZKJLJ.mjs'
npm WARN tar TAR_ENTRY_ERROR ENOENT: no such file or directory, open '/Users/liuxiyang/work/code/aelfd-core/node_modules/@storybook/components/dist/promql-F32JJO5S.mjs'
npm WARN tar TAR_ENTRY_ERROR ENOENT: no such file or directory, open '/Users/liuxiyang/work/code/aelfd-core/node_modules/@storybook/components/dist/properties-ELTKMMM6.mjs'
npm WARN tar TAR_ENTRY_ERROR ENOENT: no such file or directory, open '/Users/liuxiyang/work/code/aelfd-core/node_modules/@storybook/components/dist/properties-N2YJG7KT.mjs'
npm WARN tar TAR_ENTRY_ERROR ENOENT: no such file or directory, open '/Users/liuxiyang/work/code/aelfd-core/node_modules/@storybook/components/dist/protobuf-PEMNEAL2.mjs'
npm WARN tar TAR_ENTRY_ERROR ENOENT: no such file or directory, open '/Users/liuxiyang/work/code/aelfd-core/node_modules/@storybook/components/dist/protobuf-XF4EJH73.mjs'
npm WARN tar TAR_ENTRY_ERROR ENOENT: no such file or directory, open '/Users/liuxiyang/work/code/aelfd-core/node_modules/@storybook/components/dist/psl-SRFNMM3J.mjs'
npm WARN tar TAR_ENTRY_ERROR ENOENT: no such file or directory, open '/Users/liuxiyang/work/code/aelfd-core/node_modules/@storybook/components/dist/pug-5RY5QHRG.mjs'
npm WARN tar TAR_ENTRY_ERROR ENOENT: no such file or directory, open '/Users/liuxiyang/work/code/aelfd-core/node_modules/@storybook/components/dist/puppet-SPCCFCII.mjs'
npm WARN tar TAR_ENTRY_ERROR ENOENT: no such file or directory, open '/Users/liuxiyang/work/code/aelfd-core/node_modules/@storybook/components/dist/puppet-XXJ55I3E.mjs'
npm WARN tar TAR_ENTRY_ERROR ENOENT: no such file or directory, open '/Users/liuxiyang/work/code/aelfd-core/node_modules/@storybook/components/dist/pure-4A2B3Z3K.mjs'
npm WARN tar TAR_ENTRY_ERROR ENOENT: no such file or directory, open '/Users/liuxiyang/work/code/aelfd-core/node_modules/@storybook/components/dist/purebasic-G2HKFQKO.mjs'
npm WARN tar TAR_ENTRY_ERROR ENOENT: no such file or directory, open '/Users/liuxiyang/work/code/aelfd-core/node_modules/@storybook/components/dist/purebasic-T5AP5MXQ.mjs'
npm WARN tar TAR_ENTRY_ERROR ENOENT: no such file or directory, open '/Users/liuxiyang/work/code/aelfd-core/node_modules/@storybook/components/dist/purescript-672CA7K2.mjs'
npm WARN tar TAR_ENTRY_ERROR ENOENT: no such file or directory, open '/Users/liuxiyang/work/code/aelfd-core/node_modules/@storybook/components/dist/python-KD45SYGX.mjs'
npm WARN tar TAR_ENTRY_ERROR ENOENT: no such file or directory, open '/Users/liuxiyang/work/code/aelfd-core/node_modules/@storybook/components/dist/python-V3TF57IY.mjs'
npm WARN tar TAR_ENTRY_ERROR ENOENT: no such file or directory, open '/Users/liuxiyang/work/code/aelfd-core/node_modules/@storybook/components/dist/python-repl-IAEY6MFW.mjs'
npm WARN tar TAR_ENTRY_ERROR ENOENT: no such file or directory, open '/Users/liuxiyang/work/code/aelfd-core/node_modules/@storybook/components/dist/q-7LSPPFTJ.mjs'
npm WARN tar TAR_ENTRY_ERROR ENOENT: no such file or directory, open '/Users/liuxiyang/work/code/aelfd-core/node_modules/@storybook/components/dist/q-AR54CMHU.mjs'
npm WARN tar TAR_ENTRY_ERROR ENOENT: no such file or directory, open '/Users/liuxiyang/work/code/aelfd-core/node_modules/@storybook/components/dist/qml-B6ULS44K.mjs'
npm WARN tar TAR_ENTRY_ERROR ENOENT: no such file or directory, open '/Users/liuxiyang/work/code/aelfd-core/node_modules/@storybook/components/dist/qml-MC5YPLXB.mjs'
npm WARN tar TAR_ENTRY_ERROR ENOENT: no such file or directory, open '/Users/liuxiyang/work/code/aelfd-core/node_modules/@storybook/components/dist/qore-IOXJFRLN.mjs'
npm WARN tar TAR_ENTRY_ERROR ENOENT: no such file or directory, open '/Users/liuxiyang/work/code/aelfd-core/node_modules/@storybook/components/dist/qsharp-UKPRYFWC.mjs'
npm WARN tar TAR_ENTRY_ERROR ENOENT: no such file or directory, open '/Users/liuxiyang/work/code/aelfd-core/node_modules/@storybook/components/dist/r-JXJ3XW2M.mjs'
npm WARN tar TAR_ENTRY_ERROR ENOENT: no such file or directory, open '/Users/liuxiyang/work/code/aelfd-core/node_modules/@storybook/components/dist/r-SVTSD7KO.mjs'
npm WARN tar TAR_ENTRY_ERROR ENOENT: no such file or directory, open '/Users/liuxiyang/work/code/aelfd-core/node_modules/@storybook/components/dist/racket-LNCAB6LB.mjs'
npm WARN tar TAR_ENTRY_ERROR ENOENT: no such file or directory, open '/Users/liuxiyang/work/code/aelfd-core/node_modules/@storybook/components/dist/reason-NFZJGOZA.mjs'
npm WARN tar TAR_ENTRY_ERROR ENOENT: no such file or directory, open '/Users/liuxiyang/work/code/aelfd-core/node_modules/@storybook/components/dist/reasonml-BRPIMYY5.mjs'
npm WARN tar TAR_ENTRY_ERROR ENOENT: no such file or directory, open '/Users/liuxiyang/work/code/aelfd-core/node_modules/@storybook/components/dist/refractor-7OJKQHIO.mjs'
npm WARN tar TAR_ENTRY_ERROR ENOENT: no such file or directory, open '/Users/liuxiyang/work/code/aelfd-core/node_modules/@storybook/components/dist/regex-AMQANLCC.mjs'
npm WARN tar TAR_ENTRY_ERROR ENOENT: no such file or directory, open '/Users/liuxiyang/work/code/aelfd-core/node_modules/@storybook/components/dist/rego-R44JSUCU.mjs'
npm WARN tar TAR_ENTRY_ERROR ENOENT: no such file or directory, open '/Users/liuxiyang/work/code/aelfd-core/node_modules/@storybook/components/dist/renpy-BECPYVPG.mjs'
npm WARN tar TAR_ENTRY_ERROR ENOENT: no such file or directory, open '/Users/liuxiyang/work/code/aelfd-core/node_modules/@storybook/components/dist/rest-V4BURVJE.mjs'
npm WARN tar TAR_ENTRY_ERROR ENOENT: no such file or directory, open '/Users/liuxiyang/work/code/aelfd-core/node_modules/@storybook/components/dist/rib-23TN4Q7V.mjs'
npm WARN tar TAR_ENTRY_ERROR ENOENT: no such file or directory, open '/Users/liuxiyang/work/code/aelfd-core/node_modules/@storybook/components/dist/rip-M3AOW4KV.mjs'
npm WARN tar TAR_ENTRY_ERROR ENOENT: no such file or directory, open '/Users/liuxiyang/work/code/aelfd-core/node_modules/@storybook/components/dist/roboconf-RZEGQKSO.mjs'
npm WARN tar TAR_ENTRY_ERROR ENOENT: no such file or directory, open '/Users/liuxiyang/work/code/aelfd-core/node_modules/@storybook/components/dist/roboconf-YV6R6J67.mjs'
npm WARN tar TAR_ENTRY_ERROR ENOENT: no such file or directory, open '/Users/liuxiyang/work/code/aelfd-core/node_modules/@storybook/components/dist/robotframework-BFHLA66X.mjs'
npm WARN tar TAR_ENTRY_ERROR ENOENT: no such file or directory, open '/Users/liuxiyang/work/code/aelfd-core/node_modules/@storybook/components/dist/routeros-DBED7QNO.mjs'
npm WARN tar TAR_ENTRY_ERROR ENOENT: no such file or directory, open '/Users/liuxiyang/work/code/aelfd-core/node_modules/@storybook/components/dist/rsl-4EPRSVT7.mjs'
npm WARN tar TAR_ENTRY_ERROR ENOENT: no such file or directory, open '/Users/liuxiyang/work/code/aelfd-core/node_modules/@storybook/components/dist/ruby-DPCSKLNP.mjs'
npm WARN tar TAR_ENTRY_ERROR ENOENT: no such file or directory, open '/Users/liuxiyang/work/code/aelfd-core/node_modules/@storybook/components/dist/ruby-UJZ4PP5Q.mjs'
npm WARN tar TAR_ENTRY_ERROR ENOENT: no such file or directory, open '/Users/liuxiyang/work/code/aelfd-core/node_modules/@storybook/components/dist/ruleslanguage-JZTH4SBL.mjs'
npm WARN tar TAR_ENTRY_ERROR ENOENT: no such file or directory, open '/Users/liuxiyang/work/code/aelfd-core/node_modules/@storybook/components/dist/rust-FTDPERF4.mjs'
npm WARN tar TAR_ENTRY_ERROR ENOENT: no such file or directory, open '/Users/liuxiyang/work/code/aelfd-core/node_modules/@storybook/components/dist/rust-I6SUUYR5.mjs'
npm WARN tar TAR_ENTRY_ERROR ENOENT: no such file or directory, open '/Users/liuxiyang/work/code/aelfd-core/node_modules/@storybook/components/dist/sas-56IYSH7B.mjs'
npm WARN tar TAR_ENTRY_ERROR ENOENT: no such file or directory, open '/Users/liuxiyang/work/code/aelfd-core/node_modules/@storybook/components/dist/sas-JBSCKZC5.mjs'
npm WARN tar TAR_ENTRY_ERROR ENOENT: no such file or directory, open '/Users/liuxiyang/work/code/aelfd-core/node_modules/@storybook/components/dist/sass-6S6ISIAD.mjs'
npm WARN tar TAR_ENTRY_ERROR ENOENT: no such file or directory, open '/Users/liuxiyang/work/code/aelfd-core/node_modules/@storybook/components/dist/scala-BQ64ZKMK.mjs'
npm WARN tar TAR_ENTRY_ERROR ENOENT: no such file or directory, open '/Users/liuxiyang/work/code/aelfd-core/node_modules/@storybook/components/dist/scala-S4KMAMCA.mjs'
npm WARN tar TAR_ENTRY_ERROR ENOENT: no such file or directory, open '/Users/liuxiyang/work/code/aelfd-core/node_modules/@storybook/components/dist/scheme-CXEJUFQR.mjs'
npm WARN tar TAR_ENTRY_ERROR ENOENT: no such file or directory, open '/Users/liuxiyang/work/code/aelfd-core/node_modules/@storybook/components/dist/scheme-THN3RYYN.mjs'
npm WARN tar TAR_ENTRY_ERROR ENOENT: no such file or directory, open '/Users/liuxiyang/work/code/aelfd-core/node_modules/@storybook/components/dist/scilab-LJK42RB3.mjs'
npm WARN tar TAR_ENTRY_ERROR ENOENT: no such file or directory, open '/Users/liuxiyang/work/code/aelfd-core/node_modules/@storybook/components/dist/scss-IUKMGYZO.mjs'
npm WARN tar TAR_ENTRY_ERROR ENOENT: no such file or directory, open '/Users/liuxiyang/work/code/aelfd-core/node_modules/@storybook/components/dist/scss-U5LOC5DK.mjs'
npm WARN tar TAR_ENTRY_ERROR ENOENT: no such file or directory, open '/Users/liuxiyang/work/code/aelfd-core/node_modules/@storybook/components/dist/shell-IOREZ6N2.mjs'
npm WARN tar TAR_ENTRY_ERROR ENOENT: no such file or directory, open '/Users/liuxiyang/work/code/aelfd-core/node_modules/@storybook/components/dist/shell-session-H52NZMVP.mjs'
npm WARN tar TAR_ENTRY_ERROR ENOENT: no such file or directory, open '/Users/liuxiyang/work/code/aelfd-core/node_modules/@storybook/components/dist/smali-E4R7TMDR.mjs'
npm WARN tar TAR_ENTRY_ERROR ENOENT: no such file or directory, open '/Users/liuxiyang/work/code/aelfd-core/node_modules/@storybook/components/dist/smali-EDTRMZVJ.mjs'
npm WARN tar TAR_ENTRY_ERROR ENOENT: no such file or directory, open '/Users/liuxiyang/work/code/aelfd-core/node_modules/@storybook/components/dist/smalltalk-KEOAPYYN.mjs'
npm WARN tar TAR_ENTRY_ERROR ENOENT: no such file or directory, open '/Users/liuxiyang/work/code/aelfd-core/node_modules/@storybook/components/dist/smalltalk-LHNOQKWP.mjs'
npm WARN tar TAR_ENTRY_ERROR ENOENT: no such file or directory, open '/Users/liuxiyang/work/code/aelfd-core/node_modules/@storybook/components/dist/smarty-HBYSRSKA.mjs'
npm WARN tar TAR_ENTRY_ERROR ENOENT: no such file or directory, open '/Users/liuxiyang/work/code/aelfd-core/node_modules/@storybook/components/dist/sml-2ODJ5VEB.mjs'
npm WARN tar TAR_ENTRY_ERROR ENOENT: no such file or directory, open '/Users/liuxiyang/work/code/aelfd-core/node_modules/@storybook/components/dist/sml-THOKTRSY.mjs'
npm WARN tar TAR_ENTRY_ERROR ENOENT: no such file or directory, open '/Users/liuxiyang/work/code/aelfd-core/node_modules/@storybook/components/dist/solidity-JKK6PPQ4.mjs'
npm WARN tar TAR_ENTRY_ERROR ENOENT: no such file or directory, open '/Users/liuxiyang/work/code/aelfd-core/node_modules/@storybook/components/dist/solution-file-GE6EQ4YJ.mjs'
npm WARN tar TAR_ENTRY_ERROR ENOENT: no such file or directory, open '/Users/liuxiyang/work/code/aelfd-core/node_modules/@storybook/components/dist/soy-6XFH3RZR.mjs'
npm WARN tar TAR_ENTRY_ERROR ENOENT: no such file or directory, open '/Users/liuxiyang/work/code/aelfd-core/node_modules/@storybook/components/dist/sparql-SEEEO5VB.mjs'
npm WARN tar TAR_ENTRY_ERROR ENOENT: no such file or directory, open '/Users/liuxiyang/work/code/aelfd-core/node_modules/@storybook/components/dist/splunk-spl-ZL4QRP4Y.mjs'
npm WARN tar TAR_ENTRY_ERROR ENOENT: no such file or directory, open '/Users/liuxiyang/work/code/aelfd-core/node_modules/@storybook/components/dist/sqf-F37APRGH.mjs'
npm WARN tar TAR_ENTRY_ERROR ENOENT: no such file or directory, open '/Users/liuxiyang/work/code/aelfd-core/node_modules/@storybook/components/dist/sqf-LM7OLGKH.mjs'
npm WARN tar TAR_ENTRY_ERROR ENOENT: no such file or directory, open '/Users/liuxiyang/work/code/aelfd-core/node_modules/@storybook/components/dist/sql-QNTDWOXS.mjs'
npm WARN tar TAR_ENTRY_ERROR ENOENT: no such file or directory, open '/Users/liuxiyang/work/code/aelfd-core/node_modules/@storybook/components/dist/sql-ZXYDGVQ2.mjs'
npm WARN tar TAR_ENTRY_ERROR ENOENT: no such file or directory, open '/Users/liuxiyang/work/code/aelfd-core/node_modules/@storybook/components/dist/sql_more-YXGV5IP4.mjs'
npm WARN tar TAR_ENTRY_ERROR ENOENT: no such file or directory, open '/Users/liuxiyang/work/code/aelfd-core/node_modules/@storybook/components/dist/squirrel-VXJEDCME.mjs'
npm WARN tar TAR_ENTRY_ERROR ENOENT: no such file or directory, open '/Users/liuxiyang/work/code/aelfd-core/node_modules/@storybook/components/dist/stan-2SC3QDXX.mjs'
npm WARN tar TAR_ENTRY_ERROR ENOENT: no such file or directory, open '/Users/liuxiyang/work/code/aelfd-core/node_modules/@storybook/components/dist/stan-ALLSFPER.mjs'
npm WARN tar TAR_ENTRY_ERROR ENOENT: no such file or directory, open '/Users/liuxiyang/work/code/aelfd-core/node_modules/@storybook/components/dist/stata-WDPBFOXM.mjs'
npm WARN tar TAR_ENTRY_ERROR ENOENT: no such file or directory, open '/Users/liuxiyang/work/code/aelfd-core/node_modules/@storybook/components/dist/step21-CG7HMK55.mjs'
npm WARN tar TAR_ENTRY_ERROR ENOENT: no such file or directory, open '/Users/liuxiyang/work/code/aelfd-core/node_modules/@storybook/components/dist/stylus-3J5MKFAO.mjs'
npm WARN tar TAR_ENTRY_ERROR ENOENT: no such file or directory, open '/Users/liuxiyang/work/code/aelfd-core/node_modules/@storybook/components/dist/stylus-4TCHAGGT.mjs'
npm WARN tar TAR_ENTRY_ERROR ENOENT: no such file or directory, open '/Users/liuxiyang/work/code/aelfd-core/node_modules/@storybook/components/dist/subunit-AFVQQSWQ.mjs'
npm WARN tar TAR_ENTRY_ERROR ENOENT: no such file or directory, open '/Users/liuxiyang/work/code/aelfd-core/node_modules/@storybook/components/dist/swift-6IOSNOBP.mjs'
npm WARN tar TAR_ENTRY_ERROR ENOENT: no such file or directory, open '/Users/liuxiyang/work/code/aelfd-core/node_modules/@storybook/components/dist/swift-AOOL2LAM.mjs'
npm WARN tar TAR_ENTRY_ERROR ENOENT: no such file or directory, open '/Users/liuxiyang/work/code/aelfd-core/node_modules/@storybook/components/dist/syntaxhighlighter-PONEFOSF.mjs'
npm WARN tar TAR_ENTRY_ERROR ENOENT: no such file or directory, open '/Users/liuxiyang/work/code/aelfd-core/node_modules/@storybook/components/dist/systemd-FOYOOH7N.mjs'
npm WARN tar TAR_ENTRY_ERROR ENOENT: no such file or directory, open '/Users/liuxiyang/work/code/aelfd-core/node_modules/@storybook/components/dist/t4-cs-S4VF4LG6.mjs'
npm WARN tar TAR_ENTRY_ERROR ENOENT: no such file or directory, open '/Users/liuxiyang/work/code/aelfd-core/node_modules/@storybook/components/dist/t4-templating-WJ5NPNES.mjs'
npm WARN tar TAR_ENTRY_ERROR ENOENT: no such file or directory, open '/Users/liuxiyang/work/code/aelfd-core/node_modules/@storybook/components/dist/t4-vb-LTIOOHFW.mjs'
npm WARN tar TAR_ENTRY_ERROR ENOENT: no such file or directory, open '/Users/liuxiyang/work/code/aelfd-core/node_modules/@storybook/components/dist/taggerscript-MECEAW3I.mjs'
npm WARN tar TAR_ENTRY_ERROR ENOENT: no such file or directory, open '/Users/liuxiyang/work/code/aelfd-core/node_modules/@storybook/components/dist/tap-P64WBQIK.mjs'
npm WARN tar TAR_ENTRY_ERROR ENOENT: no such file or directory, open '/Users/liuxiyang/work/code/aelfd-core/node_modules/@storybook/components/dist/tap-YFC7ZF2G.mjs'
npm WARN tar TAR_ENTRY_ERROR ENOENT: no such file or directory, open '/Users/liuxiyang/work/code/aelfd-core/node_modules/@storybook/components/dist/tcl-E2OLEDG3.mjs'
npm WARN tar TAR_ENTRY_ERROR ENOENT: no such file or directory, open '/Users/liuxiyang/work/code/aelfd-core/node_modules/@storybook/components/dist/tcl-ICVJEOTG.mjs'
npm WARN tar TAR_ENTRY_ERROR ENOENT: no such file or directory, open '/Users/liuxiyang/work/code/aelfd-core/node_modules/@storybook/components/dist/textile-MGONSNC6.mjs'
npm WARN tar TAR_ENTRY_ERROR ENOENT: no such file or directory, open '/Users/liuxiyang/work/code/aelfd-core/node_modules/@storybook/components/dist/thrift-53GGOHQ5.mjs'
npm WARN tar TAR_ENTRY_ERROR ENOENT: no such file or directory, open '/Users/liuxiyang/work/code/aelfd-core/node_modules/@storybook/components/dist/toml-CL4MQW5B.mjs'
npm WARN tar TAR_ENTRY_ERROR ENOENT: no such file or directory, open '/Users/liuxiyang/work/code/aelfd-core/node_modules/@storybook/components/dist/tp-4DBMZ5P3.mjs'
npm WARN tar TAR_ENTRY_ERROR ENOENT: no such file or directory, open '/Users/liuxiyang/work/code/aelfd-core/node_modules/@storybook/components/dist/tremor-LW6SCDQN.mjs'
npm WARN tar TAR_ENTRY_ERROR ENOENT: no such file or directory, open '/Users/liuxiyang/work/code/aelfd-core/node_modules/@storybook/components/dist/tsx-GP2BI3Q2.mjs'
npm WARN tar TAR_ENTRY_ERROR ENOENT: no such file or directory, open '/Users/liuxiyang/work/code/aelfd-core/node_modules/@storybook/components/dist/tt2-AFKFFMH5.mjs'
npm WARN tar TAR_ENTRY_ERROR ENOENT: no such file or directory, open '/Users/liuxiyang/work/code/aelfd-core/node_modules/@storybook/components/dist/turtle-ZHUP2WYM.mjs'
npm WARN tar TAR_ENTRY_ERROR ENOENT: no such file or directory, open '/Users/liuxiyang/work/code/aelfd-core/node_modules/@storybook/components/dist/twig-6RSXSPKM.mjs'
npm WARN tar TAR_ENTRY_ERROR ENOENT: no such file or directory, open '/Users/liuxiyang/work/code/aelfd-core/node_modules/@storybook/components/dist/twig-IVKY43B3.mjs'
npm WARN tar TAR_ENTRY_ERROR ENOENT: no such file or directory, open '/Users/liuxiyang/work/code/aelfd-core/node_modules/@storybook/components/dist/typescript-F4T5JZ72.mjs'
npm WARN tar TAR_ENTRY_ERROR ENOENT: no such file or directory, open '/Users/liuxiyang/work/code/aelfd-core/node_modules/@storybook/components/dist/typescript-SDBLLKBO.mjs'
npm WARN tar TAR_ENTRY_ERROR ENOENT: no such file or directory, open '/Users/liuxiyang/work/code/aelfd-core/node_modules/@storybook/components/dist/typoscript-KL5PYYFW.mjs'
npm WARN tar TAR_ENTRY_ERROR ENOENT: no such file or directory, open '/Users/liuxiyang/work/code/aelfd-core/node_modules/@storybook/components/dist/unrealscript-QFA4FOUX.mjs'
npm WARN tar TAR_ENTRY_ERROR ENOENT: no such file or directory, open '/Users/liuxiyang/work/code/aelfd-core/node_modules/@storybook/components/dist/uorazor-WR2CSGZU.mjs'
npm WARN tar TAR_ENTRY_ERROR ENOENT: no such file or directory, open '/Users/liuxiyang/work/code/aelfd-core/node_modules/@storybook/components/dist/uri-3OPTBUZ7.mjs'
npm WARN tar TAR_ENTRY_ERROR ENOENT: no such file or directory, open '/Users/liuxiyang/work/code/aelfd-core/node_modules/@storybook/components/dist/v-7ORI4YCG.mjs'
npm WARN tar TAR_ENTRY_ERROR ENOENT: no such file or directory, open '/Users/liuxiyang/work/code/aelfd-core/node_modules/@storybook/components/dist/vala-GBSU3FAQ.mjs'
npm WARN tar TAR_ENTRY_ERROR ENOENT: no such file or directory, open '/Users/liuxiyang/work/code/aelfd-core/node_modules/@storybook/components/dist/vala-KWASL64F.mjs'
npm WARN tar TAR_ENTRY_ERROR ENOENT: no such file or directory, open '/Users/liuxiyang/work/code/aelfd-core/node_modules/@storybook/components/dist/vbnet-LPIAMWWB.mjs'
npm WARN tar TAR_ENTRY_ERROR ENOENT: no such file or directory, open '/Users/liuxiyang/work/code/aelfd-core/node_modules/@storybook/components/dist/vbnet-UB446O65.mjs'
npm WARN tar TAR_ENTRY_ERROR ENOENT: no such file or directory, open '/Users/liuxiyang/work/code/aelfd-core/node_modules/@storybook/components/dist/vbscript-ST6SD74E.mjs'
npm WARN tar TAR_ENTRY_ERROR ENOENT: no such file or directory, open '/Users/liuxiyang/work/code/aelfd-core/node_modules/@storybook/components/dist/vbscript-html-LGZDKSQ2.mjs'
npm WARN tar TAR_ENTRY_ERROR ENOENT: no such file or directory, open '/Users/liuxiyang/work/code/aelfd-core/node_modules/@storybook/components/dist/velocity-56WDF6M7.mjs'
npm WARN tar TAR_ENTRY_ERROR ENOENT: no such file or directory, open '/Users/liuxiyang/work/code/aelfd-core/node_modules/@storybook/components/dist/verilog-2DPK3T6Q.mjs'
npm WARN tar TAR_ENTRY_ERROR ENOENT: no such file or directory, open '/Users/liuxiyang/work/code/aelfd-core/node_modules/@storybook/components/dist/verilog-52WLJ4ZZ.mjs'
npm WARN tar TAR_ENTRY_ERROR ENOENT: no such file or directory, open '/Users/liuxiyang/work/code/aelfd-core/node_modules/@storybook/components/dist/vhdl-OALASXNA.mjs'
npm WARN tar TAR_ENTRY_ERROR ENOENT: no such file or directory, open '/Users/liuxiyang/work/code/aelfd-core/node_modules/@storybook/components/dist/vhdl-QP4VWYNQ.mjs'
npm WARN tar TAR_ENTRY_ERROR ENOENT: no such file or directory, open '/Users/liuxiyang/work/code/aelfd-core/node_modules/@storybook/components/dist/vim-4J3H3LUW.mjs'
npm WARN tar TAR_ENTRY_ERROR ENOENT: no such file or directory, open '/Users/liuxiyang/work/code/aelfd-core/node_modules/@storybook/components/dist/vim-HWJ4IOTY.mjs'
npm WARN tar TAR_ENTRY_ERROR ENOENT: no such file or directory, open '/Users/liuxiyang/work/code/aelfd-core/node_modules/@storybook/components/dist/visual-basic-QUVT5BFU.mjs'
npm WARN tar TAR_ENTRY_ERROR ENOENT: no such file or directory, open '/Users/liuxiyang/work/code/aelfd-core/node_modules/@storybook/components/dist/warpscript-IJBRYSJX.mjs'
npm WARN tar TAR_ENTRY_ERROR ENOENT: no such file or directory, open '/Users/liuxiyang/work/code/aelfd-core/node_modules/@storybook/components/dist/wasm-VFHVC5AL.mjs'
npm WARN tar TAR_ENTRY_ERROR ENOENT: no such file or directory, open '/Users/liuxiyang/work/code/aelfd-core/node_modules/@storybook/components/dist/web-idl-EBEH7VRQ.mjs'
npm WARN tar TAR_ENTRY_ERROR ENOENT: no such file or directory, open '/Users/liuxiyang/work/code/aelfd-core/node_modules/@storybook/components/dist/wiki-3TYRHTHX.mjs'
npm WARN tar TAR_ENTRY_ERROR ENOENT: no such file or directory, open '/Users/liuxiyang/work/code/aelfd-core/node_modules/@storybook/components/dist/wolfram-E4UZL3HU.mjs'
npm WARN tar TAR_ENTRY_ERROR ENOENT: no such file or directory, open '/Users/liuxiyang/work/code/aelfd-core/node_modules/@storybook/components/dist/wren-7BNHO5PJ.mjs'
npm WARN tar TAR_ENTRY_ERROR ENOENT: no such file or directory, open '/Users/liuxiyang/work/code/aelfd-core/node_modules/@storybook/components/dist/x86asm-SYOI4JVS.mjs'
npm WARN tar TAR_ENTRY_ERROR ENOENT: no such file or directory, open '/Users/liuxiyang/work/code/aelfd-core/node_modules/@storybook/components/dist/xeora-MIDKMO7E.mjs'
npm WARN tar TAR_ENTRY_ERROR ENOENT: no such file or directory, open '/Users/liuxiyang/work/code/aelfd-core/node_modules/@storybook/components/dist/xl-RIDZPXJG.mjs'
npm WARN tar TAR_ENTRY_ERROR ENOENT: no such file or directory, open '/Users/liuxiyang/work/code/aelfd-core/node_modules/@storybook/components/dist/xml-B5GYZJKM.mjs'
npm WARN tar TAR_ENTRY_ERROR ENOENT: no such file or directory, open '/Users/liuxiyang/work/code/aelfd-core/node_modules/@storybook/components/dist/xml-doc-VR45EM75.mjs'
npm WARN tar TAR_ENTRY_ERROR ENOENT: no such file or directory, open '/Users/liuxiyang/work/code/aelfd-core/node_modules/@storybook/components/dist/xojo-MY3P2AVB.mjs'
npm WARN tar TAR_ENTRY_ERROR ENOENT: no such file or directory, open '/Users/liuxiyang/work/code/aelfd-core/node_modules/@storybook/components/dist/xquery-BQGEJCWL.mjs'
npm WARN tar TAR_ENTRY_ERROR ENOENT: no such file or directory, open '/Users/liuxiyang/work/code/aelfd-core/node_modules/@storybook/components/dist/xquery-LYLFFTMY.mjs'
npm WARN tar TAR_ENTRY_ERROR ENOENT: no such file or directory, open '/Users/liuxiyang/work/code/aelfd-core/node_modules/@storybook/components/dist/yaml-H47FFDVX.mjs'
npm WARN tar TAR_ENTRY_ERROR ENOENT: no such file or directory, open '/Users/liuxiyang/work/code/aelfd-core/node_modules/@storybook/components/dist/yaml-N6LF5JFG.mjs'
npm WARN tar TAR_ENTRY_ERROR ENOENT: no such file or directory, open '/Users/liuxiyang/work/code/aelfd-core/node_modules/@storybook/components/dist/yang-6NGP2UFV.mjs'
npm WARN tar TAR_ENTRY_ERROR ENOENT: no such file or directory, open '/Users/liuxiyang/work/code/aelfd-core/node_modules/@storybook/components/dist/zephir-JAEYZ57F.mjs'
npm WARN tar TAR_ENTRY_ERROR ENOENT: no such file or directory, open '/Users/liuxiyang/work/code/aelfd-core/node_modules/@storybook/components/dist/zig-6MKTQNSE.mjs'
npm WARN tar TAR_ENTRY_ERROR ENOENT: no such file or directory, open '/Users/liuxiyang/work/code/aelfd-core/node_modules/@storybook/components/jest.config.js'
npm WARN tar TAR_ENTRY_ERROR ENOENT: no such file or directory, open '/Users/liuxiyang/work/code/aelfd-core/node_modules/@storybook/components/package.json'
npm WARN tar TAR_ENTRY_ERROR ENOENT: no such file or directory, lstat '/Users/liuxiyang/work/code/aelfd-core/node_modules/@storybook/components/scripts'
npm ERR! code ENOENT
npm ERR! syscall chmod
npm ERR! path /Users/liuxiyang/work/code/aelfd-core/node_modules/storybook/index.js
npm ERR! errno -2
npm ERR! enoent ENOENT: no such file or directory, chmod '/Users/liuxiyang/work/code/aelfd-core/node_modules/storybook/index.js'
npm ERR! enoent This is related to npm not being able to find a file.
npm ERR! enoent 

npm ERR! A complete log of this run can be found in:
npm ERR!     /Users/liuxiyang/.npm/_logs/2023-10-10T10_46_27_404Z-debug-0.log
